Grammar

    0 $accept: program $end

    1 program: body

    2 func: head body tail

    3 head: tFUNC tID tLPAR par_decl_list tRPAR tCOL type

    4 body: decl_list stmt_list

    5 tail: tEND tID

    6 type: tID
    7     | tINTTYPE
    8     | tBOOLTYPE
    9     | tARRAYTYPE tOF type
   10     | tRECORDTYPE tOF tLCURL var_decl_list tRCURL

   11 par_decl_list: var_decl_list
   12              | %empty

   13 var_decl_list: var_type tCOM var_decl_list
   14              | var_type

   15 var_type: tID tCOL type

   16 decl_list: %empty
   17          | decl decl_list

   18 decl: tTYPE tID tASSI type tSEMI
   19     | func
   20     | tVAR var_decl_list tSEMI

   21 stmt_list: stmt
   22          | stmt stmt_list

   23 stmt: tRETURN exp tSEMI
   24     | tWRITE exp tSEMI
   25     | tALLOC var tSEMI
   26     | tALLOC var tOF tLEN exp tSEMI
   27     | var tASSI exp tSEMI
   28     | tIF exp tTHEN stmt
   29     | tIF exp tTHEN stmt tELSE stmt
   30     | tWHILE exp tDO stmt
   31     | tLCURL stmt_list tRCURL

   32 var: tID
   33    | var tLSQ exp tRSQ
   34    | var tDOT tID

   35 exp: exp tPLUS exp
   36    | exp tMINUS exp
   37    | exp tTIMES exp
   38    | exp tMOD exp
   39    | exp tDIV exp
   40    | exp tEQ exp
   41    | exp tNE exp
   42    | exp tLE exp
   43    | exp tGE exp
   44    | exp tLESS exp
   45    | exp tGREAT exp
   46    | exp tAND exp
   47    | exp tOR exp
   48    | term

   49 term: var
   50     | tID tLPAR act_list tRPAR
   51     | tLPAR exp tRPAR
   52     | tNEG term
   53     | tBAR exp tBAR
   54     | tINT
   55     | tTRUE
   56     | tFALSE
   57     | tNULL

   58 act_list: exp_list
   59         | %empty

   60 exp_list: exp
   61         | exp tCOM exp_list


Terminals, with rules where they appear

$end (0) 0
error (256)
tINT (258) 54
tID (259) 3 5 6 15 18 32 34 50
tPLUS (260) 35
tMINUS (261) 36
tTIMES (262) 37
tDIV (263) 39
tEQ (264) 40
tNE (265) 41
tLE (266) 42
tGE (267) 43
tLESS (268) 44
tGREAT (269) 45
tAND (270) 46
tOR (271) 47
tLPAR (272) 3 50 51
tRPAR (273) 3 50 51
tLSQ (274) 33
tRSQ (275) 33
tLCURL (276) 10 31
tRCURL (277) 10 31
tEND (278) 5
tINTTYPE (279) 7
tBOOLTYPE (280) 8
tARRAYTYPE (281) 9
tOF (282) 9 10 26
tRECORDTYPE (283) 10
tTYPE (284) 18
tVAR (285) 20
tRETURN (286) 23
tWRITE (287) 24
tALLOC (288) 25 26
tLEN (289) 26
tIF (290) 28 29
tTHEN (291) 28 29
tELSE (292) 29
tWHILE (293) 30
tDO (294) 30
tNULL (295) 57
tTRUE (296) 55
tFALSE (297) 56
tASSI (298) 18 27
tNEG (299) 52
tDOT (300) 34
tFUNC (301) 3
tBAR (302) 53
tCOL (303) 3 15
tCOM (304) 13 61
tSEMI (305) 18 20 23 24 25 26 27
tMOD (306) 38


Nonterminals, with rules where they appear

$accept (52)
    on left: 0
program (53)
    on left: 1, on right: 0
func (54)
    on left: 2, on right: 19
head (55)
    on left: 3, on right: 2
body (56)
    on left: 4, on right: 1 2
tail (57)
    on left: 5, on right: 2
type (58)
    on left: 6 7 8 9 10, on right: 3 9 15 18
par_decl_list (59)
    on left: 11 12, on right: 3
var_decl_list (60)
    on left: 13 14, on right: 10 11 13 20
var_type (61)
    on left: 15, on right: 13 14
decl_list (62)
    on left: 16 17, on right: 4 17
decl (63)
    on left: 18 19 20, on right: 17
stmt_list (64)
    on left: 21 22, on right: 4 22 31
stmt (65)
    on left: 23 24 25 26 27 28 29 30 31, on right: 21 22 28 29 30
var (66)
    on left: 32 33 34, on right: 25 26 27 33 34 49
exp (67)
    on left: 35 36 37 38 39 40 41 42 43 44 45 46 47 48, on right: 23
    24 26 27 28 29 30 33 35 36 37 38 39 40 41 42 43 44 45 46 47 51
    53 60 61
term (68)
    on left: 49 50 51 52 53 54 55 56 57, on right: 48 52
act_list (69)
    on left: 58 59, on right: 50
exp_list (70)
    on left: 60 61, on right: 58 61


State 0

    0 $accept: . program $end

    tTYPE  shift, and go to state 1
    tVAR   shift, and go to state 2
    tFUNC  shift, and go to state 3

    $default  reduce using rule 16 (decl_list)

    program    go to state 4
    func       go to state 5
    head       go to state 6
    body       go to state 7
    decl_list  go to state 8
    decl       go to state 9


State 1

   18 decl: tTYPE . tID tASSI type tSEMI

    tID  shift, and go to state 10


State 2

   20 decl: tVAR . var_decl_list tSEMI

    tID  shift, and go to state 11

    var_decl_list  go to state 12
    var_type       go to state 13


State 3

    3 head: tFUNC . tID tLPAR par_decl_list tRPAR tCOL type

    tID  shift, and go to state 14


State 4

    0 $accept: program . $end

    $end  shift, and go to state 15


State 5

   19 decl: func .

    $default  reduce using rule 19 (decl)


State 6

    2 func: head . body tail

    tTYPE  shift, and go to state 1
    tVAR   shift, and go to state 2
    tFUNC  shift, and go to state 3

    $default  reduce using rule 16 (decl_list)

    func       go to state 5
    head       go to state 6
    body       go to state 16
    decl_list  go to state 8
    decl       go to state 9


State 7

    1 program: body .

    $default  reduce using rule 1 (program)


State 8

    4 body: decl_list . stmt_list

    tID      shift, and go to state 17
    tLCURL   shift, and go to state 18
    tRETURN  shift, and go to state 19
    tWRITE   shift, and go to state 20
    tALLOC   shift, and go to state 21
    tIF      shift, and go to state 22
    tWHILE   shift, and go to state 23

    stmt_list  go to state 24
    stmt       go to state 25
    var        go to state 26


State 9

   17 decl_list: decl . decl_list

    tTYPE  shift, and go to state 1
    tVAR   shift, and go to state 2
    tFUNC  shift, and go to state 3

    $default  reduce using rule 16 (decl_list)

    func       go to state 5
    head       go to state 6
    decl_list  go to state 27
    decl       go to state 9


State 10

   18 decl: tTYPE tID . tASSI type tSEMI

    tASSI  shift, and go to state 28


State 11

   15 var_type: tID . tCOL type

    tCOL  shift, and go to state 29


State 12

   20 decl: tVAR var_decl_list . tSEMI

    tSEMI  shift, and go to state 30


State 13

   13 var_decl_list: var_type . tCOM var_decl_list
   14              | var_type .

    tCOM  shift, and go to state 31

    $default  reduce using rule 14 (var_decl_list)


State 14

    3 head: tFUNC tID . tLPAR par_decl_list tRPAR tCOL type

    tLPAR  shift, and go to state 32


State 15

    0 $accept: program $end .

    $default  accept


State 16

    2 func: head body . tail

    tEND  shift, and go to state 33

    tail  go to state 34


State 17

   32 var: tID .

    $default  reduce using rule 32 (var)


State 18

   31 stmt: tLCURL . stmt_list tRCURL

    tID      shift, and go to state 17
    tLCURL   shift, and go to state 18
    tRETURN  shift, and go to state 19
    tWRITE   shift, and go to state 20
    tALLOC   shift, and go to state 21
    tIF      shift, and go to state 22
    tWHILE   shift, and go to state 23

    stmt_list  go to state 35
    stmt       go to state 25
    var        go to state 26


State 19

   23 stmt: tRETURN . exp tSEMI

    tINT    shift, and go to state 36
    tID     shift, and go to state 37
    tLPAR   shift, and go to state 38
    tNULL   shift, and go to state 39
    tTRUE   shift, and go to state 40
    tFALSE  shift, and go to state 41
    tNEG    shift, and go to state 42
    tBAR    shift, and go to state 43

    var   go to state 44
    exp   go to state 45
    term  go to state 46


State 20

   24 stmt: tWRITE . exp tSEMI

    tINT    shift, and go to state 36
    tID     shift, and go to state 37
    tLPAR   shift, and go to state 38
    tNULL   shift, and go to state 39
    tTRUE   shift, and go to state 40
    tFALSE  shift, and go to state 41
    tNEG    shift, and go to state 42
    tBAR    shift, and go to state 43

    var   go to state 44
    exp   go to state 47
    term  go to state 46


State 21

   25 stmt: tALLOC . var tSEMI
   26     | tALLOC . var tOF tLEN exp tSEMI

    tID  shift, and go to state 17

    var  go to state 48


State 22

   28 stmt: tIF . exp tTHEN stmt
   29     | tIF . exp tTHEN stmt tELSE stmt

    tINT    shift, and go to state 36
    tID     shift, and go to state 37
    tLPAR   shift, and go to state 38
    tNULL   shift, and go to state 39
    tTRUE   shift, and go to state 40
    tFALSE  shift, and go to state 41
    tNEG    shift, and go to state 42
    tBAR    shift, and go to state 43

    var   go to state 44
    exp   go to state 49
    term  go to state 46


State 23

   30 stmt: tWHILE . exp tDO stmt

    tINT    shift, and go to state 36
    tID     shift, and go to state 37
    tLPAR   shift, and go to state 38
    tNULL   shift, and go to state 39
    tTRUE   shift, and go to state 40
    tFALSE  shift, and go to state 41
    tNEG    shift, and go to state 42
    tBAR    shift, and go to state 43

    var   go to state 44
    exp   go to state 50
    term  go to state 46


State 24

    4 body: decl_list stmt_list .

    $default  reduce using rule 4 (body)


State 25

   21 stmt_list: stmt .
   22          | stmt . stmt_list

    tID      shift, and go to state 17
    tLCURL   shift, and go to state 18
    tRETURN  shift, and go to state 19
    tWRITE   shift, and go to state 20
    tALLOC   shift, and go to state 21
    tIF      shift, and go to state 22
    tWHILE   shift, and go to state 23

    $default  reduce using rule 21 (stmt_list)

    stmt_list  go to state 51
    stmt       go to state 25
    var        go to state 26


State 26

   27 stmt: var . tASSI exp tSEMI
   33 var: var . tLSQ exp tRSQ
   34    | var . tDOT tID

    tLSQ   shift, and go to state 52
    tASSI  shift, and go to state 53
    tDOT   shift, and go to state 54


State 27

   17 decl_list: decl decl_list .

    $default  reduce using rule 17 (decl_list)


State 28

   18 decl: tTYPE tID tASSI . type tSEMI

    tID          shift, and go to state 55
    tINTTYPE     shift, and go to state 56
    tBOOLTYPE    shift, and go to state 57
    tARRAYTYPE   shift, and go to state 58
    tRECORDTYPE  shift, and go to state 59

    type  go to state 60


State 29

   15 var_type: tID tCOL . type

    tID          shift, and go to state 55
    tINTTYPE     shift, and go to state 56
    tBOOLTYPE    shift, and go to state 57
    tARRAYTYPE   shift, and go to state 58
    tRECORDTYPE  shift, and go to state 59

    type  go to state 61


State 30

   20 decl: tVAR var_decl_list tSEMI .

    $default  reduce using rule 20 (decl)


State 31

   13 var_decl_list: var_type tCOM . var_decl_list

    tID  shift, and go to state 11

    var_decl_list  go to state 62
    var_type       go to state 13


State 32

    3 head: tFUNC tID tLPAR . par_decl_list tRPAR tCOL type

    tID  shift, and go to state 11

    $default  reduce using rule 12 (par_decl_list)

    par_decl_list  go to state 63
    var_decl_list  go to state 64
    var_type       go to state 13


State 33

    5 tail: tEND . tID

    tID  shift, and go to state 65


State 34

    2 func: head body tail .

    $default  reduce using rule 2 (func)


State 35

   31 stmt: tLCURL stmt_list . tRCURL

    tRCURL  shift, and go to state 66


State 36

   54 term: tINT .

    $default  reduce using rule 54 (term)


State 37

   32 var: tID .
   50 term: tID . tLPAR act_list tRPAR

    tLPAR  shift, and go to state 67

    $default  reduce using rule 32 (var)


State 38

   51 term: tLPAR . exp tRPAR

    tINT    shift, and go to state 36
    tID     shift, and go to state 37
    tLPAR   shift, and go to state 38
    tNULL   shift, and go to state 39
    tTRUE   shift, and go to state 40
    tFALSE  shift, and go to state 41
    tNEG    shift, and go to state 42
    tBAR    shift, and go to state 43

    var   go to state 44
    exp   go to state 68
    term  go to state 46


State 39

   57 term: tNULL .

    $default  reduce using rule 57 (term)


State 40

   55 term: tTRUE .

    $default  reduce using rule 55 (term)


State 41

   56 term: tFALSE .

    $default  reduce using rule 56 (term)


State 42

   52 term: tNEG . term

    tINT    shift, and go to state 36
    tID     shift, and go to state 37
    tLPAR   shift, and go to state 38
    tNULL   shift, and go to state 39
    tTRUE   shift, and go to state 40
    tFALSE  shift, and go to state 41
    tNEG    shift, and go to state 42
    tBAR    shift, and go to state 43

    var   go to state 44
    term  go to state 69


State 43

   53 term: tBAR . exp tBAR

    tINT    shift, and go to state 36
    tID     shift, and go to state 37
    tLPAR   shift, and go to state 38
    tNULL   shift, and go to state 39
    tTRUE   shift, and go to state 40
    tFALSE  shift, and go to state 41
    tNEG    shift, and go to state 42
    tBAR    shift, and go to state 43

    var   go to state 44
    exp   go to state 70
    term  go to state 46


State 44

   33 var: var . tLSQ exp tRSQ
   34    | var . tDOT tID
   49 term: var .

    tLSQ  shift, and go to state 52
    tDOT  shift, and go to state 54

    $default  reduce using rule 49 (term)


State 45

   23 stmt: tRETURN exp . tSEMI
   35 exp: exp . tPLUS exp
   36    | exp . tMINUS exp
   37    | exp . tTIMES exp
   38    | exp . tMOD exp
   39    | exp . tDIV exp
   40    | exp . tEQ exp
   41    | exp . tNE exp
   42    | exp . tLE exp
   43    | exp . tGE exp
   44    | exp . tLESS exp
   45    | exp . tGREAT exp
   46    | exp . tAND exp
   47    | exp . tOR exp

    tPLUS   shift, and go to state 71
    tMINUS  shift, and go to state 72
    tTIMES  shift, and go to state 73
    tDIV    shift, and go to state 74
    tEQ     shift, and go to state 75
    tNE     shift, and go to state 76
    tLE     shift, and go to state 77
    tGE     shift, and go to state 78
    tLESS   shift, and go to state 79
    tGREAT  shift, and go to state 80
    tAND    shift, and go to state 81
    tOR     shift, and go to state 82
    tSEMI   shift, and go to state 83
    tMOD    shift, and go to state 84


State 46

   48 exp: term .

    $default  reduce using rule 48 (exp)


State 47

   24 stmt: tWRITE exp . tSEMI
   35 exp: exp . tPLUS exp
   36    | exp . tMINUS exp
   37    | exp . tTIMES exp
   38    | exp . tMOD exp
   39    | exp . tDIV exp
   40    | exp . tEQ exp
   41    | exp . tNE exp
   42    | exp . tLE exp
   43    | exp . tGE exp
   44    | exp . tLESS exp
   45    | exp . tGREAT exp
   46    | exp . tAND exp
   47    | exp . tOR exp

    tPLUS   shift, and go to state 71
    tMINUS  shift, and go to state 72
    tTIMES  shift, and go to state 73
    tDIV    shift, and go to state 74
    tEQ     shift, and go to state 75
    tNE     shift, and go to state 76
    tLE     shift, and go to state 77
    tGE     shift, and go to state 78
    tLESS   shift, and go to state 79
    tGREAT  shift, and go to state 80
    tAND    shift, and go to state 81
    tOR     shift, and go to state 82
    tSEMI   shift, and go to state 85
    tMOD    shift, and go to state 84


State 48

   25 stmt: tALLOC var . tSEMI
   26     | tALLOC var . tOF tLEN exp tSEMI
   33 var: var . tLSQ exp tRSQ
   34    | var . tDOT tID

    tLSQ   shift, and go to state 52
    tOF    shift, and go to state 86
    tDOT   shift, and go to state 54
    tSEMI  shift, and go to state 87


State 49

   28 stmt: tIF exp . tTHEN stmt
   29     | tIF exp . tTHEN stmt tELSE stmt
   35 exp: exp . tPLUS exp
   36    | exp . tMINUS exp
   37    | exp . tTIMES exp
   38    | exp . tMOD exp
   39    | exp . tDIV exp
   40    | exp . tEQ exp
   41    | exp . tNE exp
   42    | exp . tLE exp
   43    | exp . tGE exp
   44    | exp . tLESS exp
   45    | exp . tGREAT exp
   46    | exp . tAND exp
   47    | exp . tOR exp

    tPLUS   shift, and go to state 71
    tMINUS  shift, and go to state 72
    tTIMES  shift, and go to state 73
    tDIV    shift, and go to state 74
    tEQ     shift, and go to state 75
    tNE     shift, and go to state 76
    tLE     shift, and go to state 77
    tGE     shift, and go to state 78
    tLESS   shift, and go to state 79
    tGREAT  shift, and go to state 80
    tAND    shift, and go to state 81
    tOR     shift, and go to state 82
    tTHEN   shift, and go to state 88
    tMOD    shift, and go to state 84


State 50

   30 stmt: tWHILE exp . tDO stmt
   35 exp: exp . tPLUS exp
   36    | exp . tMINUS exp
   37    | exp . tTIMES exp
   38    | exp . tMOD exp
   39    | exp . tDIV exp
   40    | exp . tEQ exp
   41    | exp . tNE exp
   42    | exp . tLE exp
   43    | exp . tGE exp
   44    | exp . tLESS exp
   45    | exp . tGREAT exp
   46    | exp . tAND exp
   47    | exp . tOR exp

    tPLUS   shift, and go to state 71
    tMINUS  shift, and go to state 72
    tTIMES  shift, and go to state 73
    tDIV    shift, and go to state 74
    tEQ     shift, and go to state 75
    tNE     shift, and go to state 76
    tLE     shift, and go to state 77
    tGE     shift, and go to state 78
    tLESS   shift, and go to state 79
    tGREAT  shift, and go to state 80
    tAND    shift, and go to state 81
    tOR     shift, and go to state 82
    tDO     shift, and go to state 89
    tMOD    shift, and go to state 84


State 51

   22 stmt_list: stmt stmt_list .

    $default  reduce using rule 22 (stmt_list)


State 52

   33 var: var tLSQ . exp tRSQ

    tINT    shift, and go to state 36
    tID     shift, and go to state 37
    tLPAR   shift, and go to state 38
    tNULL   shift, and go to state 39
    tTRUE   shift, and go to state 40
    tFALSE  shift, and go to state 41
    tNEG    shift, and go to state 42
    tBAR    shift, and go to state 43

    var   go to state 44
    exp   go to state 90
    term  go to state 46


State 53

   27 stmt: var tASSI . exp tSEMI

    tINT    shift, and go to state 36
    tID     shift, and go to state 37
    tLPAR   shift, and go to state 38
    tNULL   shift, and go to state 39
    tTRUE   shift, and go to state 40
    tFALSE  shift, and go to state 41
    tNEG    shift, and go to state 42
    tBAR    shift, and go to state 43

    var   go to state 44
    exp   go to state 91
    term  go to state 46


State 54

   34 var: var tDOT . tID

    tID  shift, and go to state 92


State 55

    6 type: tID .

    $default  reduce using rule 6 (type)


State 56

    7 type: tINTTYPE .

    $default  reduce using rule 7 (type)


State 57

    8 type: tBOOLTYPE .

    $default  reduce using rule 8 (type)


State 58

    9 type: tARRAYTYPE . tOF type

    tOF  shift, and go to state 93


State 59

   10 type: tRECORDTYPE . tOF tLCURL var_decl_list tRCURL

    tOF  shift, and go to state 94


State 60

   18 decl: tTYPE tID tASSI type . tSEMI

    tSEMI  shift, and go to state 95


State 61

   15 var_type: tID tCOL type .

    $default  reduce using rule 15 (var_type)


State 62

   13 var_decl_list: var_type tCOM var_decl_list .

    $default  reduce using rule 13 (var_decl_list)


State 63

    3 head: tFUNC tID tLPAR par_decl_list . tRPAR tCOL type

    tRPAR  shift, and go to state 96


State 64

   11 par_decl_list: var_decl_list .

    $default  reduce using rule 11 (par_decl_list)


State 65

    5 tail: tEND tID .

    $default  reduce using rule 5 (tail)


State 66

   31 stmt: tLCURL stmt_list tRCURL .

    $default  reduce using rule 31 (stmt)


State 67

   50 term: tID tLPAR . act_list tRPAR

    tINT    shift, and go to state 36
    tID     shift, and go to state 37
    tLPAR   shift, and go to state 38
    tNULL   shift, and go to state 39
    tTRUE   shift, and go to state 40
    tFALSE  shift, and go to state 41
    tNEG    shift, and go to state 42
    tBAR    shift, and go to state 43

    $default  reduce using rule 59 (act_list)

    var       go to state 44
    exp       go to state 97
    term      go to state 46
    act_list  go to state 98
    exp_list  go to state 99


State 68

   35 exp: exp . tPLUS exp
   36    | exp . tMINUS exp
   37    | exp . tTIMES exp
   38    | exp . tMOD exp
   39    | exp . tDIV exp
   40    | exp . tEQ exp
   41    | exp . tNE exp
   42    | exp . tLE exp
   43    | exp . tGE exp
   44    | exp . tLESS exp
   45    | exp . tGREAT exp
   46    | exp . tAND exp
   47    | exp . tOR exp
   51 term: tLPAR exp . tRPAR

    tPLUS   shift, and go to state 71
    tMINUS  shift, and go to state 72
    tTIMES  shift, and go to state 73
    tDIV    shift, and go to state 74
    tEQ     shift, and go to state 75
    tNE     shift, and go to state 76
    tLE     shift, and go to state 77
    tGE     shift, and go to state 78
    tLESS   shift, and go to state 79
    tGREAT  shift, and go to state 80
    tAND    shift, and go to state 81
    tOR     shift, and go to state 82
    tRPAR   shift, and go to state 100
    tMOD    shift, and go to state 84


State 69

   52 term: tNEG term .

    $default  reduce using rule 52 (term)


State 70

   35 exp: exp . tPLUS exp
   36    | exp . tMINUS exp
   37    | exp . tTIMES exp
   38    | exp . tMOD exp
   39    | exp . tDIV exp
   40    | exp . tEQ exp
   41    | exp . tNE exp
   42    | exp . tLE exp
   43    | exp . tGE exp
   44    | exp . tLESS exp
   45    | exp . tGREAT exp
   46    | exp . tAND exp
   47    | exp . tOR exp
   53 term: tBAR exp . tBAR

    tPLUS   shift, and go to state 71
    tMINUS  shift, and go to state 72
    tTIMES  shift, and go to state 73
    tDIV    shift, and go to state 74
    tEQ     shift, and go to state 75
    tNE     shift, and go to state 76
    tLE     shift, and go to state 77
    tGE     shift, and go to state 78
    tLESS   shift, and go to state 79
    tGREAT  shift, and go to state 80
    tAND    shift, and go to state 81
    tOR     shift, and go to state 82
    tBAR    shift, and go to state 101
    tMOD    shift, and go to state 84


State 71

   35 exp: exp tPLUS . exp

    tINT    shift, and go to state 36
    tID     shift, and go to state 37
    tLPAR   shift, and go to state 38
    tNULL   shift, and go to state 39
    tTRUE   shift, and go to state 40
    tFALSE  shift, and go to state 41
    tNEG    shift, and go to state 42
    tBAR    shift, and go to state 43

    var   go to state 44
    exp   go to state 102
    term  go to state 46


State 72

   36 exp: exp tMINUS . exp

    tINT    shift, and go to state 36
    tID     shift, and go to state 37
    tLPAR   shift, and go to state 38
    tNULL   shift, and go to state 39
    tTRUE   shift, and go to state 40
    tFALSE  shift, and go to state 41
    tNEG    shift, and go to state 42
    tBAR    shift, and go to state 43

    var   go to state 44
    exp   go to state 103
    term  go to state 46


State 73

   37 exp: exp tTIMES . exp

    tINT    shift, and go to state 36
    tID     shift, and go to state 37
    tLPAR   shift, and go to state 38
    tNULL   shift, and go to state 39
    tTRUE   shift, and go to state 40
    tFALSE  shift, and go to state 41
    tNEG    shift, and go to state 42
    tBAR    shift, and go to state 43

    var   go to state 44
    exp   go to state 104
    term  go to state 46


State 74

   39 exp: exp tDIV . exp

    tINT    shift, and go to state 36
    tID     shift, and go to state 37
    tLPAR   shift, and go to state 38
    tNULL   shift, and go to state 39
    tTRUE   shift, and go to state 40
    tFALSE  shift, and go to state 41
    tNEG    shift, and go to state 42
    tBAR    shift, and go to state 43

    var   go to state 44
    exp   go to state 105
    term  go to state 46


State 75

   40 exp: exp tEQ . exp

    tINT    shift, and go to state 36
    tID     shift, and go to state 37
    tLPAR   shift, and go to state 38
    tNULL   shift, and go to state 39
    tTRUE   shift, and go to state 40
    tFALSE  shift, and go to state 41
    tNEG    shift, and go to state 42
    tBAR    shift, and go to state 43

    var   go to state 44
    exp   go to state 106
    term  go to state 46


State 76

   41 exp: exp tNE . exp

    tINT    shift, and go to state 36
    tID     shift, and go to state 37
    tLPAR   shift, and go to state 38
    tNULL   shift, and go to state 39
    tTRUE   shift, and go to state 40
    tFALSE  shift, and go to state 41
    tNEG    shift, and go to state 42
    tBAR    shift, and go to state 43

    var   go to state 44
    exp   go to state 107
    term  go to state 46


State 77

   42 exp: exp tLE . exp

    tINT    shift, and go to state 36
    tID     shift, and go to state 37
    tLPAR   shift, and go to state 38
    tNULL   shift, and go to state 39
    tTRUE   shift, and go to state 40
    tFALSE  shift, and go to state 41
    tNEG    shift, and go to state 42
    tBAR    shift, and go to state 43

    var   go to state 44
    exp   go to state 108
    term  go to state 46


State 78

   43 exp: exp tGE . exp

    tINT    shift, and go to state 36
    tID     shift, and go to state 37
    tLPAR   shift, and go to state 38
    tNULL   shift, and go to state 39
    tTRUE   shift, and go to state 40
    tFALSE  shift, and go to state 41
    tNEG    shift, and go to state 42
    tBAR    shift, and go to state 43

    var   go to state 44
    exp   go to state 109
    term  go to state 46


State 79

   44 exp: exp tLESS . exp

    tINT    shift, and go to state 36
    tID     shift, and go to state 37
    tLPAR   shift, and go to state 38
    tNULL   shift, and go to state 39
    tTRUE   shift, and go to state 40
    tFALSE  shift, and go to state 41
    tNEG    shift, and go to state 42
    tBAR    shift, and go to state 43

    var   go to state 44
    exp   go to state 110
    term  go to state 46


State 80

   45 exp: exp tGREAT . exp

    tINT    shift, and go to state 36
    tID     shift, and go to state 37
    tLPAR   shift, and go to state 38
    tNULL   shift, and go to state 39
    tTRUE   shift, and go to state 40
    tFALSE  shift, and go to state 41
    tNEG    shift, and go to state 42
    tBAR    shift, and go to state 43

    var   go to state 44
    exp   go to state 111
    term  go to state 46


State 81

   46 exp: exp tAND . exp

    tINT    shift, and go to state 36
    tID     shift, and go to state 37
    tLPAR   shift, and go to state 38
    tNULL   shift, and go to state 39
    tTRUE   shift, and go to state 40
    tFALSE  shift, and go to state 41
    tNEG    shift, and go to state 42
    tBAR    shift, and go to state 43

    var   go to state 44
    exp   go to state 112
    term  go to state 46


State 82

   47 exp: exp tOR . exp

    tINT    shift, and go to state 36
    tID     shift, and go to state 37
    tLPAR   shift, and go to state 38
    tNULL   shift, and go to state 39
    tTRUE   shift, and go to state 40
    tFALSE  shift, and go to state 41
    tNEG    shift, and go to state 42
    tBAR    shift, and go to state 43

    var   go to state 44
    exp   go to state 113
    term  go to state 46


State 83

   23 stmt: tRETURN exp tSEMI .

    $default  reduce using rule 23 (stmt)


State 84

   38 exp: exp tMOD . exp

    tINT    shift, and go to state 36
    tID     shift, and go to state 37
    tLPAR   shift, and go to state 38
    tNULL   shift, and go to state 39
    tTRUE   shift, and go to state 40
    tFALSE  shift, and go to state 41
    tNEG    shift, and go to state 42
    tBAR    shift, and go to state 43

    var   go to state 44
    exp   go to state 114
    term  go to state 46


State 85

   24 stmt: tWRITE exp tSEMI .

    $default  reduce using rule 24 (stmt)


State 86

   26 stmt: tALLOC var tOF . tLEN exp tSEMI

    tLEN  shift, and go to state 115


State 87

   25 stmt: tALLOC var tSEMI .

    $default  reduce using rule 25 (stmt)


State 88

   28 stmt: tIF exp tTHEN . stmt
   29     | tIF exp tTHEN . stmt tELSE stmt

    tID      shift, and go to state 17
    tLCURL   shift, and go to state 18
    tRETURN  shift, and go to state 19
    tWRITE   shift, and go to state 20
    tALLOC   shift, and go to state 21
    tIF      shift, and go to state 22
    tWHILE   shift, and go to state 23

    stmt  go to state 116
    var   go to state 26


State 89

   30 stmt: tWHILE exp tDO . stmt

    tID      shift, and go to state 17
    tLCURL   shift, and go to state 18
    tRETURN  shift, and go to state 19
    tWRITE   shift, and go to state 20
    tALLOC   shift, and go to state 21
    tIF      shift, and go to state 22
    tWHILE   shift, and go to state 23

    stmt  go to state 117
    var   go to state 26


State 90

   33 var: var tLSQ exp . tRSQ
   35 exp: exp . tPLUS exp
   36    | exp . tMINUS exp
   37    | exp . tTIMES exp
   38    | exp . tMOD exp
   39    | exp . tDIV exp
   40    | exp . tEQ exp
   41    | exp . tNE exp
   42    | exp . tLE exp
   43    | exp . tGE exp
   44    | exp . tLESS exp
   45    | exp . tGREAT exp
   46    | exp . tAND exp
   47    | exp . tOR exp

    tPLUS   shift, and go to state 71
    tMINUS  shift, and go to state 72
    tTIMES  shift, and go to state 73
    tDIV    shift, and go to state 74
    tEQ     shift, and go to state 75
    tNE     shift, and go to state 76
    tLE     shift, and go to state 77
    tGE     shift, and go to state 78
    tLESS   shift, and go to state 79
    tGREAT  shift, and go to state 80
    tAND    shift, and go to state 81
    tOR     shift, and go to state 82
    tRSQ    shift, and go to state 118
    tMOD    shift, and go to state 84


State 91

   27 stmt: var tASSI exp . tSEMI
   35 exp: exp . tPLUS exp
   36    | exp . tMINUS exp
   37    | exp . tTIMES exp
   38    | exp . tMOD exp
   39    | exp . tDIV exp
   40    | exp . tEQ exp
   41    | exp . tNE exp
   42    | exp . tLE exp
   43    | exp . tGE exp
   44    | exp . tLESS exp
   45    | exp . tGREAT exp
   46    | exp . tAND exp
   47    | exp . tOR exp

    tPLUS   shift, and go to state 71
    tMINUS  shift, and go to state 72
    tTIMES  shift, and go to state 73
    tDIV    shift, and go to state 74
    tEQ     shift, and go to state 75
    tNE     shift, and go to state 76
    tLE     shift, and go to state 77
    tGE     shift, and go to state 78
    tLESS   shift, and go to state 79
    tGREAT  shift, and go to state 80
    tAND    shift, and go to state 81
    tOR     shift, and go to state 82
    tSEMI   shift, and go to state 119
    tMOD    shift, and go to state 84


State 92

   34 var: var tDOT tID .

    $default  reduce using rule 34 (var)


State 93

    9 type: tARRAYTYPE tOF . type

    tID          shift, and go to state 55
    tINTTYPE     shift, and go to state 56
    tBOOLTYPE    shift, and go to state 57
    tARRAYTYPE   shift, and go to state 58
    tRECORDTYPE  shift, and go to state 59

    type  go to state 120


State 94

   10 type: tRECORDTYPE tOF . tLCURL var_decl_list tRCURL

    tLCURL  shift, and go to state 121


State 95

   18 decl: tTYPE tID tASSI type tSEMI .

    $default  reduce using rule 18 (decl)


State 96

    3 head: tFUNC tID tLPAR par_decl_list tRPAR . tCOL type

    tCOL  shift, and go to state 122


State 97

   35 exp: exp . tPLUS exp
   36    | exp . tMINUS exp
   37    | exp . tTIMES exp
   38    | exp . tMOD exp
   39    | exp . tDIV exp
   40    | exp . tEQ exp
   41    | exp . tNE exp
   42    | exp . tLE exp
   43    | exp . tGE exp
   44    | exp . tLESS exp
   45    | exp . tGREAT exp
   46    | exp . tAND exp
   47    | exp . tOR exp
   60 exp_list: exp .
   61         | exp . tCOM exp_list

    tPLUS   shift, and go to state 71
    tMINUS  shift, and go to state 72
    tTIMES  shift, and go to state 73
    tDIV    shift, and go to state 74
    tEQ     shift, and go to state 75
    tNE     shift, and go to state 76
    tLE     shift, and go to state 77
    tGE     shift, and go to state 78
    tLESS   shift, and go to state 79
    tGREAT  shift, and go to state 80
    tAND    shift, and go to state 81
    tOR     shift, and go to state 82
    tCOM    shift, and go to state 123
    tMOD    shift, and go to state 84

    $default  reduce using rule 60 (exp_list)


State 98

   50 term: tID tLPAR act_list . tRPAR

    tRPAR  shift, and go to state 124


State 99

   58 act_list: exp_list .

    $default  reduce using rule 58 (act_list)


State 100

   51 term: tLPAR exp tRPAR .

    $default  reduce using rule 51 (term)


State 101

   53 term: tBAR exp tBAR .

    $default  reduce using rule 53 (term)


State 102

   35 exp: exp . tPLUS exp
   35    | exp tPLUS exp .
   36    | exp . tMINUS exp
   37    | exp . tTIMES exp
   38    | exp . tMOD exp
   39    | exp . tDIV exp
   40    | exp . tEQ exp
   41    | exp . tNE exp
   42    | exp . tLE exp
   43    | exp . tGE exp
   44    | exp . tLESS exp
   45    | exp . tGREAT exp
   46    | exp . tAND exp
   47    | exp . tOR exp

    tEQ     shift, and go to state 75
    tNE     shift, and go to state 76
    tLE     shift, and go to state 77
    tGE     shift, and go to state 78
    tLESS   shift, and go to state 79
    tGREAT  shift, and go to state 80
    tAND    shift, and go to state 81
    tOR     shift, and go to state 82

    $default  reduce using rule 35 (exp)


State 103

   35 exp: exp . tPLUS exp
   36    | exp . tMINUS exp
   36    | exp tMINUS exp .
   37    | exp . tTIMES exp
   38    | exp . tMOD exp
   39    | exp . tDIV exp
   40    | exp . tEQ exp
   41    | exp . tNE exp
   42    | exp . tLE exp
   43    | exp . tGE exp
   44    | exp . tLESS exp
   45    | exp . tGREAT exp
   46    | exp . tAND exp
   47    | exp . tOR exp

    tEQ     shift, and go to state 75
    tNE     shift, and go to state 76
    tLE     shift, and go to state 77
    tGE     shift, and go to state 78
    tLESS   shift, and go to state 79
    tGREAT  shift, and go to state 80
    tAND    shift, and go to state 81
    tOR     shift, and go to state 82

    $default  reduce using rule 36 (exp)


State 104

   35 exp: exp . tPLUS exp
   36    | exp . tMINUS exp
   37    | exp . tTIMES exp
   37    | exp tTIMES exp .
   38    | exp . tMOD exp
   39    | exp . tDIV exp
   40    | exp . tEQ exp
   41    | exp . tNE exp
   42    | exp . tLE exp
   43    | exp . tGE exp
   44    | exp . tLESS exp
   45    | exp . tGREAT exp
   46    | exp . tAND exp
   47    | exp . tOR exp

    tPLUS   shift, and go to state 71
    tMINUS  shift, and go to state 72
    tEQ     shift, and go to state 75
    tNE     shift, and go to state 76
    tLE     shift, and go to state 77
    tGE     shift, and go to state 78
    tLESS   shift, and go to state 79
    tGREAT  shift, and go to state 80
    tAND    shift, and go to state 81
    tOR     shift, and go to state 82

    $default  reduce using rule 37 (exp)


State 105

   35 exp: exp . tPLUS exp
   36    | exp . tMINUS exp
   37    | exp . tTIMES exp
   38    | exp . tMOD exp
   39    | exp . tDIV exp
   39    | exp tDIV exp .
   40    | exp . tEQ exp
   41    | exp . tNE exp
   42    | exp . tLE exp
   43    | exp . tGE exp
   44    | exp . tLESS exp
   45    | exp . tGREAT exp
   46    | exp . tAND exp
   47    | exp . tOR exp

    tPLUS   shift, and go to state 71
    tMINUS  shift, and go to state 72
    tEQ     shift, and go to state 75
    tNE     shift, and go to state 76
    tLE     shift, and go to state 77
    tGE     shift, and go to state 78
    tLESS   shift, and go to state 79
    tGREAT  shift, and go to state 80
    tAND    shift, and go to state 81
    tOR     shift, and go to state 82

    $default  reduce using rule 39 (exp)


State 106

   35 exp: exp . tPLUS exp
   36    | exp . tMINUS exp
   37    | exp . tTIMES exp
   38    | exp . tMOD exp
   39    | exp . tDIV exp
   40    | exp . tEQ exp
   40    | exp tEQ exp .
   41    | exp . tNE exp
   42    | exp . tLE exp
   43    | exp . tGE exp
   44    | exp . tLESS exp
   45    | exp . tGREAT exp
   46    | exp . tAND exp
   47    | exp . tOR exp

    tAND  shift, and go to state 81
    tOR   shift, and go to state 82

    $default  reduce using rule 40 (exp)


State 107

   35 exp: exp . tPLUS exp
   36    | exp . tMINUS exp
   37    | exp . tTIMES exp
   38    | exp . tMOD exp
   39    | exp . tDIV exp
   40    | exp . tEQ exp
   41    | exp . tNE exp
   41    | exp tNE exp .
   42    | exp . tLE exp
   43    | exp . tGE exp
   44    | exp . tLESS exp
   45    | exp . tGREAT exp
   46    | exp . tAND exp
   47    | exp . tOR exp

    tAND  shift, and go to state 81
    tOR   shift, and go to state 82

    $default  reduce using rule 41 (exp)


State 108

   35 exp: exp . tPLUS exp
   36    | exp . tMINUS exp
   37    | exp . tTIMES exp
   38    | exp . tMOD exp
   39    | exp . tDIV exp
   40    | exp . tEQ exp
   41    | exp . tNE exp
   42    | exp . tLE exp
   42    | exp tLE exp .
   43    | exp . tGE exp
   44    | exp . tLESS exp
   45    | exp . tGREAT exp
   46    | exp . tAND exp
   47    | exp . tOR exp

    tEQ   shift, and go to state 75
    tNE   shift, and go to state 76
    tAND  shift, and go to state 81
    tOR   shift, and go to state 82

    $default  reduce using rule 42 (exp)


State 109

   35 exp: exp . tPLUS exp
   36    | exp . tMINUS exp
   37    | exp . tTIMES exp
   38    | exp . tMOD exp
   39    | exp . tDIV exp
   40    | exp . tEQ exp
   41    | exp . tNE exp
   42    | exp . tLE exp
   43    | exp . tGE exp
   43    | exp tGE exp .
   44    | exp . tLESS exp
   45    | exp . tGREAT exp
   46    | exp . tAND exp
   47    | exp . tOR exp

    tEQ   shift, and go to state 75
    tNE   shift, and go to state 76
    tAND  shift, and go to state 81
    tOR   shift, and go to state 82

    $default  reduce using rule 43 (exp)


State 110

   35 exp: exp . tPLUS exp
   36    | exp . tMINUS exp
   37    | exp . tTIMES exp
   38    | exp . tMOD exp
   39    | exp . tDIV exp
   40    | exp . tEQ exp
   41    | exp . tNE exp
   42    | exp . tLE exp
   43    | exp . tGE exp
   44    | exp . tLESS exp
   44    | exp tLESS exp .
   45    | exp . tGREAT exp
   46    | exp . tAND exp
   47    | exp . tOR exp

    tEQ   shift, and go to state 75
    tNE   shift, and go to state 76
    tAND  shift, and go to state 81
    tOR   shift, and go to state 82

    $default  reduce using rule 44 (exp)


State 111

   35 exp: exp . tPLUS exp
   36    | exp . tMINUS exp
   37    | exp . tTIMES exp
   38    | exp . tMOD exp
   39    | exp . tDIV exp
   40    | exp . tEQ exp
   41    | exp . tNE exp
   42    | exp . tLE exp
   43    | exp . tGE exp
   44    | exp . tLESS exp
   45    | exp . tGREAT exp
   45    | exp tGREAT exp .
   46    | exp . tAND exp
   47    | exp . tOR exp

    tEQ   shift, and go to state 75
    tNE   shift, and go to state 76
    tAND  shift, and go to state 81
    tOR   shift, and go to state 82

    $default  reduce using rule 45 (exp)


State 112

   35 exp: exp . tPLUS exp
   36    | exp . tMINUS exp
   37    | exp . tTIMES exp
   38    | exp . tMOD exp
   39    | exp . tDIV exp
   40    | exp . tEQ exp
   41    | exp . tNE exp
   42    | exp . tLE exp
   43    | exp . tGE exp
   44    | exp . tLESS exp
   45    | exp . tGREAT exp
   46    | exp . tAND exp
   46    | exp tAND exp .
   47    | exp . tOR exp

    tOR  shift, and go to state 82

    $default  reduce using rule 46 (exp)


State 113

   35 exp: exp . tPLUS exp
   36    | exp . tMINUS exp
   37    | exp . tTIMES exp
   38    | exp . tMOD exp
   39    | exp . tDIV exp
   40    | exp . tEQ exp
   41    | exp . tNE exp
   42    | exp . tLE exp
   43    | exp . tGE exp
   44    | exp . tLESS exp
   45    | exp . tGREAT exp
   46    | exp . tAND exp
   47    | exp . tOR exp
   47    | exp tOR exp .

    $default  reduce using rule 47 (exp)


State 114

   35 exp: exp . tPLUS exp
   36    | exp . tMINUS exp
   37    | exp . tTIMES exp
   38    | exp . tMOD exp
   38    | exp tMOD exp .
   39    | exp . tDIV exp
   40    | exp . tEQ exp
   41    | exp . tNE exp
   42    | exp . tLE exp
   43    | exp . tGE exp
   44    | exp . tLESS exp
   45    | exp . tGREAT exp
   46    | exp . tAND exp
   47    | exp . tOR exp

    tPLUS   shift, and go to state 71
    tMINUS  shift, and go to state 72
    tEQ     shift, and go to state 75
    tNE     shift, and go to state 76
    tLE     shift, and go to state 77
    tGE     shift, and go to state 78
    tLESS   shift, and go to state 79
    tGREAT  shift, and go to state 80
    tAND    shift, and go to state 81
    tOR     shift, and go to state 82

    $default  reduce using rule 38 (exp)


State 115

   26 stmt: tALLOC var tOF tLEN . exp tSEMI

    tINT    shift, and go to state 36
    tID     shift, and go to state 37
    tLPAR   shift, and go to state 38
    tNULL   shift, and go to state 39
    tTRUE   shift, and go to state 40
    tFALSE  shift, and go to state 41
    tNEG    shift, and go to state 42
    tBAR    shift, and go to state 43

    var   go to state 44
    exp   go to state 125
    term  go to state 46


State 116

   28 stmt: tIF exp tTHEN stmt .
   29     | tIF exp tTHEN stmt . tELSE stmt

    tELSE  shift, and go to state 126

    $default  reduce using rule 28 (stmt)


State 117

   30 stmt: tWHILE exp tDO stmt .

    $default  reduce using rule 30 (stmt)


State 118

   33 var: var tLSQ exp tRSQ .

    $default  reduce using rule 33 (var)


State 119

   27 stmt: var tASSI exp tSEMI .

    $default  reduce using rule 27 (stmt)


State 120

    9 type: tARRAYTYPE tOF type .

    $default  reduce using rule 9 (type)


State 121

   10 type: tRECORDTYPE tOF tLCURL . var_decl_list tRCURL

    tID  shift, and go to state 11

    var_decl_list  go to state 127
    var_type       go to state 13


State 122

    3 head: tFUNC tID tLPAR par_decl_list tRPAR tCOL . type

    tID          shift, and go to state 55
    tINTTYPE     shift, and go to state 56
    tBOOLTYPE    shift, and go to state 57
    tARRAYTYPE   shift, and go to state 58
    tRECORDTYPE  shift, and go to state 59

    type  go to state 128


State 123

   61 exp_list: exp tCOM . exp_list

    tINT    shift, and go to state 36
    tID     shift, and go to state 37
    tLPAR   shift, and go to state 38
    tNULL   shift, and go to state 39
    tTRUE   shift, and go to state 40
    tFALSE  shift, and go to state 41
    tNEG    shift, and go to state 42
    tBAR    shift, and go to state 43

    var       go to state 44
    exp       go to state 97
    term      go to state 46
    exp_list  go to state 129


State 124

   50 term: tID tLPAR act_list tRPAR .

    $default  reduce using rule 50 (term)


State 125

   26 stmt: tALLOC var tOF tLEN exp . tSEMI
   35 exp: exp . tPLUS exp
   36    | exp . tMINUS exp
   37    | exp . tTIMES exp
   38    | exp . tMOD exp
   39    | exp . tDIV exp
   40    | exp . tEQ exp
   41    | exp . tNE exp
   42    | exp . tLE exp
   43    | exp . tGE exp
   44    | exp . tLESS exp
   45    | exp . tGREAT exp
   46    | exp . tAND exp
   47    | exp . tOR exp

    tPLUS   shift, and go to state 71
    tMINUS  shift, and go to state 72
    tTIMES  shift, and go to state 73
    tDIV    shift, and go to state 74
    tEQ     shift, and go to state 75
    tNE     shift, and go to state 76
    tLE     shift, and go to state 77
    tGE     shift, and go to state 78
    tLESS   shift, and go to state 79
    tGREAT  shift, and go to state 80
    tAND    shift, and go to state 81
    tOR     shift, and go to state 82
    tSEMI   shift, and go to state 130
    tMOD    shift, and go to state 84


State 126

   29 stmt: tIF exp tTHEN stmt tELSE . stmt

    tID      shift, and go to state 17
    tLCURL   shift, and go to state 18
    tRETURN  shift, and go to state 19
    tWRITE   shift, and go to state 20
    tALLOC   shift, and go to state 21
    tIF      shift, and go to state 22
    tWHILE   shift, and go to state 23

    stmt  go to state 131
    var   go to state 26


State 127

   10 type: tRECORDTYPE tOF tLCURL var_decl_list . tRCURL

    tRCURL  shift, and go to state 132


State 128

    3 head: tFUNC tID tLPAR par_decl_list tRPAR tCOL type .

    $default  reduce using rule 3 (head)


State 129

   61 exp_list: exp tCOM exp_list .

    $default  reduce using rule 61 (exp_list)


State 130

   26 stmt: tALLOC var tOF tLEN exp tSEMI .

    $default  reduce using rule 26 (stmt)


State 131

   29 stmt: tIF exp tTHEN stmt tELSE stmt .

    $default  reduce using rule 29 (stmt)


State 132

   10 type: tRECORDTYPE tOF tLCURL var_decl_list tRCURL .

    $default  reduce using rule 10 (type)
